<?xml version="1.0" encoding="UTF-8"?>
<testng-results ignored="0" total="2" passed="1" failed="1" skipped="0">
  <reporter-output>
  </reporter-output>
  <suite started-at="2024-08-05T15:40:46 IST" name="Default suite" finished-at="2024-08-05T15:42:08 IST" duration-ms="81634">
    <groups>
    </groups>
    <test started-at="2024-08-05T15:40:46 IST" name="Default test" finished-at="2024-08-05T15:42:08 IST" duration-ms="81634">
      <class name="com.Hexagon.pom.testcases.CorporateAction_Dividend">
        <test-method is-config="true" signature="prepareReport()[pri:0, instance:com.Hexagon.pom.testcases.CorporateAction_Dividend@97e93f1]" started-at="2024-08-05T15:40:45 IST" name="prepareReport" finished-at="2024-08-05T15:40:46 IST" duration-ms="947" status="PASS">
          <reporter-output>
          </reporter-output>
        </test-method> <!-- prepareReport -->
        <test-method signature="Login()[pri:1, instance:com.Hexagon.pom.testcases.CorporateAction_Dividend@97e93f1]" started-at="2024-08-05T15:40:46 IST" name="Login" finished-at="2024-08-05T15:41:44 IST" duration-ms="57080" status="PASS">
          <reporter-output>
          </reporter-output>
        </test-method> <!-- Login -->
        <test-method is-config="true" signature="tearDown(org.testng.ITestResult)[pri:0, instance:com.Hexagon.pom.testcases.CorporateAction_Dividend@97e93f1]" started-at="2024-08-05T15:41:44 IST" name="tearDown" finished-at="2024-08-05T15:41:44 IST" duration-ms="7" status="PASS">
          <params>
            <param index="0">
              <value>
                <![CDATA[[TestResult name=Login status=SUCCESS method=CorporateAction_Dividend.Login()[pri:1, instance:com.Hexagon.pom.testcases.CorporateAction_Dividend@97e93f1] output={null}]]]>
              </value>
            </param>
          </params>
          <reporter-output>
          </reporter-output>
        </test-method> <!-- tearDown -->
        <test-method signature="VerifyAccountingEnquiry()[pri:5, instance:com.Hexagon.pom.testcases.CorporateAction_Dividend@97e93f1]" started-at="2024-08-05T15:41:44 IST" name="VerifyAccountingEnquiry" finished-at="2024-08-05T15:42:07 IST" duration-ms="23196" status="FAIL">
          <exception class="java.lang.AssertionError">
            <message>
              <![CDATA[Click on element is unsuccessful]]>
            </message>
            <full-stacktrace>
              <![CDATA[java.lang.AssertionError: Click on element is unsuccessful
at org.testng.Assert.fail(Assert.java:99)
at com.Hexagon.base.BasePage.reportFailure(BasePage.java:887)
at com.Hexagon.base.BasePage.click_hexgendash3(BasePage.java:271)
at com.Hexagon.pom.pages.CorporateAction.Verifying_AccountingEnquiry_Report(CorporateAction.java:2823)
at com.Hexagon.pom.testcases.CorporateAction_Dividend.VerifyAccountingEnquiry(CorporateAction_Dividend.java:69)
at java.base/jdk.internal.reflect.NativeMethodAccessorImpl.invoke0(Native Method)
at java.base/jdk.internal.reflect.NativeMethodAccessorImpl.invoke(NativeMethodAccessorImpl.java:77)
at java.base/jdk.internal.reflect.DelegatingMethodAccessorImpl.invoke(DelegatingMethodAccessorImpl.java:43)
at java.base/java.lang.reflect.Method.invoke(Method.java:568)
at org.testng.internal.MethodInvocationHelper.invokeMethod(MethodInvocationHelper.java:133)
at org.testng.internal.TestInvoker.invokeMethod(TestInvoker.java:598)
at org.testng.internal.TestInvoker.invokeTestMethod(TestInvoker.java:173)
at org.testng.internal.MethodRunner.runInSequence(MethodRunner.java:46)
at org.testng.internal.TestInvoker$MethodInvocationAgent.invoke(TestInvoker.java:824)
at org.testng.internal.TestInvoker.invokeTestMethods(TestInvoker.java:146)
at org.testng.internal.TestMethodWorker.invokeTestMethods(TestMethodWorker.java:146)
at org.testng.internal.TestMethodWorker.run(TestMethodWorker.java:128)
at java.base/java.util.ArrayList.forEach(ArrayList.java:1511)
at org.testng.TestRunner.privateRun(TestRunner.java:794)
at org.testng.TestRunner.run(TestRunner.java:596)
at org.testng.SuiteRunner.runTest(SuiteRunner.java:377)
at org.testng.SuiteRunner.runSequentially(SuiteRunner.java:371)
at org.testng.SuiteRunner.privateRun(SuiteRunner.java:332)
at org.testng.SuiteRunner.run(SuiteRunner.java:276)
at org.testng.SuiteRunnerWorker.runSuite(SuiteRunnerWorker.java:53)
at org.testng.SuiteRunnerWorker.run(SuiteRunnerWorker.java:96)
at org.testng.TestNG.runSuitesSequentially(TestNG.java:1212)
at org.testng.TestNG.runSuitesLocally(TestNG.java:1134)
at org.testng.TestNG.runSuites(TestNG.java:1063)
at org.testng.TestNG.run(TestNG.java:1031)
at org.testng.remote.AbstractRemoteTestNG.run(AbstractRemoteTestNG.java:115)
at org.testng.remote.RemoteTestNG.initAndRun(RemoteTestNG.java:251)
at org.testng.remote.RemoteTestNG.main(RemoteTestNG.java:77)
]]>
            </full-stacktrace>
          </exception> <!-- java.lang.AssertionError -->
          <reporter-output>
          </reporter-output>
        </test-method> <!-- VerifyAccountingEnquiry -->
        <test-method is-config="true" signature="tearDown(org.testng.ITestResult)[pri:0, instance:com.Hexagon.pom.testcases.CorporateAction_Dividend@97e93f1]" started-at="2024-08-05T15:42:07 IST" name="tearDown" finished-at="2024-08-05T15:42:07 IST" duration-ms="0" status="PASS">
          <params>
            <param index="0">
              <value>
                <![CDATA[[TestResult name=VerifyAccountingEnquiry status=FAILURE method=CorporateAction_Dividend.VerifyAccountingEnquiry()[pri:5, instance:com.Hexagon.pom.testcases.CorporateAction_Dividend@97e93f1] output={null}]]]>
              </value>
            </param>
          </params>
          <reporter-output>
          </reporter-output>
        </test-method> <!-- tearDown -->
        <test-method is-config="true" signature="quit()[pri:0, instance:com.Hexagon.pom.testcases.CorporateAction_Dividend@97e93f1]" started-at="2024-08-05T15:42:07 IST" name="quit" finished-at="2024-08-05T15:42:08 IST" duration-ms="1269" status="PASS">
          <reporter-output>
          </reporter-output>
        </test-method> <!-- quit -->
        <test-method is-config="true" signature="closeBrowserWindows()[pri:0, instance:com.Hexagon.pom.testcases.CorporateAction_Dividend@97e93f1]" started-at="2024-08-05T15:42:08 IST" name="closeBrowserWindows" finished-at="2024-08-05T15:42:08 IST" duration-ms="1" status="PASS">
          <reporter-output>
          </reporter-output>
        </test-method> <!-- closeBrowserWindows -->
        <test-method is-config="true" signature="stopReport()[pri:0, instance:com.Hexagon.pom.testcases.CorporateAction_Dividend@97e93f1]" started-at="2024-08-05T15:42:08 IST" name="stopReport" finished-at="2024-08-05T15:42:08 IST" duration-ms="237" status="PASS">
          <reporter-output>
          </reporter-output>
        </test-method> <!-- stopReport -->
      </class> <!-- com.Hexagon.pom.testcases.CorporateAction_Dividend -->
    </test> <!-- Default test -->
  </suite> <!-- Default suite -->
</testng-results>
